Temp/gradleOut/launcher/build/outputs/mapping/release/mapping.txt
# compiler: R8
# compiler_version: 1.4.77
# min_api: 25
...
com.google.android.gms.internal.ads.zzyv -> com.google.android.gms.internal.ads.bC:
    1:1:void <init>(android.os.IBinder) -> <init>
    1:2:void onAdClicked():3:4 -> I
    1:4:void onAppEvent(java.lang.String,java.lang.String):29:32 -> a
    5:8:void zzb(com.google.android.gms.internal.ads.zzrg,java.lang.String):34:37 -> a
    1:3:void onAdFailedToLoad(int):9:11 -> d
    1:2:void onAdOpened():16:17 -> ma
    1:2:void onAdLeftApplication():13:14 -> na
    1:2:void onAdLoaded():19:20 -> oa
    1:2:void onAdImpression():26:27 -> qa
    1:2:void onAdClosed():6:7 -> sa
com.google.android.gms.internal.ads.zzyw -> com.google.android.gms.internal.ads.cC:
    int zznv() -> Ha
com.google.android.gms.internal.ads.zzyx -> com.google.android.gms.internal.ads.dC:
    1:1:void <init>() -> <init>
    1:3:boolean dispatchTransaction(int,android.os.Parcel,android.os.Parcel,int):4:6 -> dispatchTransaction
com.google.android.gms.internal.ads.zzyy -> com.google.android.gms.internal.ads.eC:
    1:1:void <init>(android.os.IBinder) -> <init>
    1:4:int zznv():3:6 -> Ha
com.google.android.gms.internal.ads.zzyz -> com.google.android.gms.internal.ads.fC:
    java.util.List getImages() -> C
    java.lang.String getHeadline() -> D
    com.google.android.gms.dynamic.IObjectWrapper zzlg() -> E
    com.google.android.gms.internal.ads.zzqg zzlh() -> F
    java.lang.String getCallToAction() -> G
    void recordImpression() -> H
    java.lang.String getBody() -> J
    java.lang.String getPrice() -> R
    com.google.android.gms.internal.ads.zzqk zzle() -> S
    double getStarRating() -> V
    java.lang.String getStore() -> Y
    void zzb(com.google.android.gms.dynamic.IObjectWrapper,com.google.android.gms.dynamic.IObjectWrapper,com.google.android.gms.dynamic.IObjectWrapper) -> a
    void zzk(com.google.android.gms.dynamic.IObjectWrapper) -> b
    void zzm(com.google.android.gms.dynamic.IObjectWrapper) -> c
    com.google.android.gms.dynamic.IObjectWrapper zzog() -> ca
    boolean getOverrideImpressionRecording() -> da
    com.google.android.gms.dynamic.IObjectWrapper zzof() -> ea
    void zzl(com.google.android.gms.dynamic.IObjectWrapper) -> f
    boolean getOverrideClickHandling() -> ia
com.google.android.gms.internal.ads.zzz -> com.google.android.gms.internal.ads.gC:
    void zzb(java.lang.Object) -> a
com.google.android.gms.internal.ads.zzza -> com.google.android.gms.internal.ads.hC:
    1:1:void <init>() -> <init>
    1:5:boolean dispatchTransaction(int,android.os.Parcel,android.os.Parcel,int):83:87 -> dispatchTransaction
    6:8:boolean dispatchTransaction(int,android.os.Parcel,android.os.Parcel,int):79:81 -> dispatchTransaction
    9:11:boolean dispatchTransaction(int,android.os.Parcel,android.os.Parcel,int):75:77 -> dispatchTransaction
    12:14:boolean dispatchTransaction(int,android.os.Parcel,android.os.Parcel,int):71:73 -> dispatchTransaction
    15:17:boolean dispatchTransaction(int,android.os.Parcel,android.os.Parcel,int):67:69 -> dispatchTransaction
    18:20:boolean dispatchTransaction(int,android.os.Parcel,android.os.Parcel,int):63:65 -> dispatchTransaction
    21:23:boolean dispatchTransaction(int,android.os.Parcel,android.os.Parcel,int):59:61 -> dispatchTransaction
    24:26:boolean dispatchTransaction(int,android.os.Parcel,android.os.Parcel,int):55:57 -> dispatchTransaction
    27:29:boolean dispatchTransaction(int,android.os.Parcel,android.os.Parcel,int):51:53 -> dispatchTransaction
    30:32:boolean dispatchTransaction(int,android.os.Parcel,android.os.Parcel,int):47:49 -> dispatchTransaction
    33:35:boolean dispatchTransaction(int,android.os.Parcel,android.os.Parcel,int):43:45 -> dispatchTransaction
    36:38:boolean dispatchTransaction(int,android.os.Parcel,android.os.Parcel,int):39:41 -> dispatchTransaction